<?xml version="1.0" encoding="UTF-8"?>
<!-- Generated by org.testng.reporters.JUnitXMLReporter -->
<testsuite ignored="0" hostname="LaptopThu" failures="0" tests="15" name="Test" time="74.582" errors="0" timestamp="13 Apr 2025 17:06:44 GMT">
  <testcase classname="testcase.TestLogin" name="Login_TC_01" time="0.704"/>
  <testcase classname="testcase.TestLogin" name="Login_TC_02" time="1.829"/>
  <testcase classname="testcase.TestLogin" name="Login_TC_03" time="2.308"/>
  <testcase classname="testcase.TestProjectManage" name="Project_TC_01" time="2.112"/>
  <testcase classname="testcase.TestProjectManage" name="Project_TC_02" time="4.395"/>
  <testcase classname="testcase.TestProjectManage" name="Project_TC_03" time="4.144"/>
  <testcase classname="testcase.TestBuildingBlockPage" name="Building_TC_01" time="1.945"/>
  <testcase classname="testcase.TestBuildingBlockPage" name="Building_TC_02" time="17.048"/>
  <testcase classname="testcase.TestBuildingBlockPage" name="Building_TC_03" time="16.616"/>
  <testcase classname="testcase.TestResidentManage" name="Resident_TC_01" time="2.953"/>
  <testcase classname="testcase.TestResidentManage" name="Resident_TC_02" time="1.535"/>
  <testcase classname="testcase.TestResidentManage" name="Resident_TC_03" time="0.818"/>
  <testcase classname="testcase.TestIncomeItem" name="IncomeItem_TC_01" time="2.396"/>
  <testcase classname="testcase.TestIncomeItem" name="IncomeItem_TC_02" time="1.287"/>
  <testcase classname="testcase.TestIncomeItem" name="IncomeItem_TC_03" time="0.915"/>
</testsuite> <!-- Test -->
